#
# A fatal error has been detected by the Java Runtime Environment:
#
#  EXCEPTION_ACCESS_VIOLATION (0xc0000005) at pc=0x00007ffa6df80f7a, pid=16056, tid=22848
#
# JRE version: OpenJDK Runtime Environment Microsoft-40354 (17.0.4.1+1) (build 17.0.4.1+1-LTS)
# Java VM: OpenJDK 64-Bit Server VM Microsoft-40354 (17.0.4.1+1-LTS, mixed mode, sharing, tiered, compressed oops, compressed class ptrs, g1 gc, windows-amd64)
# Problematic frame:
# V  [jvm.dll+0x7a0f7a]
#
# No core dump will be written. Minidumps are not enabled by default on client versions of Windows
#
# If you would like to submit a bug report, please visit:
#   https://github.com/microsoft/openjdk/issues
#

---------------  S U M M A R Y ------------

Command Line: -XX:+ShowCodeDetailsInExceptionMessages -agentlib:jdwp=transport=dt_socket,suspend=y,address=localhost:59893 -ea -javaagent:D:\eclipse\java-2022-06\eclipse\configuration\org.eclipse.osgi\215\0\.cp\lib\javaagent-shaded.jar -Dfile.encoding=UTF-8 org.eclipse.jdt.internal.junit.runner.RemoteTestRunner -version 3 -port 59892 -testLoaderClass org.eclipse.jdt.internal.junit4.runner.JUnit4TestLoader -loaderpluginname org.eclipse.jdt.junit4.runtime -test name.ncg.Maths.DataStructures.FiniteBinaryRelationTests:testCompose

Host: Intel(R) Core(TM) i7-4770 CPU @ 3.40GHz, 8 cores, 31G,  Windows 10 , 64 bit Build 19041 (10.0.19041.1889)
Time: Wed Oct  5 18:30:04 2022 Eastern Daylight Time elapsed time: 1117.316287 seconds (0d 0h 18m 37s)

---------------  T H R E A D  ---------------

Current thread (0x0000020a5451a1e0):  JavaThread "JDWP Transport Listener: dt_socket" daemon [_thread_in_vm, id=22848, stack(0x000000f991c00000,0x000000f991d00000)]

Stack: [0x000000f991c00000,0x000000f991d00000],  sp=0x000000f991cff710,  free space=1021k
Native frames: (J=compiled Java code, j=interpreted, Vv=VM code, C=native code)
V  [jvm.dll+0x7a0f7a]
V  [jvm.dll+0x50a55c]
V  [jvm.dll+0x4d1975]
C  [jdwp.dll+0x2301b]


siginfo: EXCEPTION_ACCESS_VIOLATION (0xc0000005), reading address 0x0000000000710074


Register to memory mapping:

RIP=0x00007ffa6df80f7a jvm.dll
RAX=0x0000000000000072 is an unknown value
RBX=0x0000020a54353f22 points into unknown readable memory: 46 69 65 6c 64 41
RCX=0x0000000000710070 is an unknown value
RDX=0x0000020a556ecc80 points into unknown readable memory: 0x636e2f656d616e4c | 4c 6e 61 6d 65 2f 6e 63
RSP=0x000000f991cff710 is pointing into the stack for thread: 0x0000020a5451a1e0
RBP=0x0000020a54530930 points into unknown readable memory: 0x0000000000000002 | 02 00 00 00 00 00 00 00
RSI=0x0 is NULL
RDI=0xffffffffffffffff is an unknown value
R8 =0x0000000000000005 is an unknown value
R9 =0x000000000000000e is an unknown value
R10=0x0 is NULL
R11=0x000000f991cff730 is pointing into the stack for thread: 0x0000020a5451a1e0
R12=0x000000f991cff868 is pointing into the stack for thread: 0x0000020a5451a1e0
R13=0x0 is NULL
R14=0x0000000800c16a18 is a pointer to class: 
name.ncg.Maths.DataStructures.HeterogeneousPair {0x0000000800c16a20}
 - instance size:     3
 - klass size:        73
 - access:            public synchronized 
 - state:             fully_initialized
 - name:              'name/ncg/Maths/DataStructures/HeterogeneousPair'
 - super:             'java/lang/Object'
 - sub:               
 - arrays:            NULL
 - methods:           Array<T>(0x0000020a54ca8c28)
 - method ordering:   Array<T>(0x0000020a54ca94a8)
 - default_methods:   Array<T>(0x0000000000000000)
 - local interfaces:  Array<T>(0x0000020a54c99fe0)
 - trans. interfaces: Array<T>(0x0000020a54c99fe0)
 - constants:         constant pool [118] {0x0000020a54ca9d80} for 'name/ncg/Maths/DataStructures/HeterogeneousPair' cache=0x0000020a54caa1a8
 - class loader data:  loader data: 0x0000020a543ed5b0 for instance a 'jdk/internal/loader/ClassLoaders$AppClassLoader'{0x0000000621063f50}
 - source file:       'HeterogeneousPair.java'
 - source debug extension:       SMAP
HeterogeneousPair.java
Java
*S jdt
*F
1 HeterogeneousPair.java
2 file:/D:/workspace_v4/name.ncg/target/classes/
*L
*E

 - class annotations:       Array<T>(0x0000000000000000)
 - class type annotations:  Array<T>(0x0000000000000000)
 - field annotations:       Array<T>(0x0000000000000000)
 - field type annotations:  Array<T>(0x0000000000000000)
 - previous version:  constant pool [106] {0x0000020a54ca7c68} for 'name/ncg/Maths/DataStructures/HeterogeneousPair' (extra) cache=0x0000020a54ca8460
 - generic signature: '
[error occurred during error reporting (printing register info), id 0xc0000005, EXCEPTION_ACCESS_VIOLATION (0xc0000005) at pc=0x00007ffa6df81b86]

Registers:
RAX=0x0000000000000072, RBX=0x0000020a54353f22, RCX=0x0000000000710070, RDX=0x0000020a556ecc80
RSP=0x000000f991cff710, RBP=0x0000020a54530930, RSI=0x0000000000000000, RDI=0xffffffffffffffff
R8 =0x0000000000000005, R9 =0x000000000000000e, R10=0x0000000000000000, R11=0x000000f991cff730
R12=0x000000f991cff868, R13=0x0000000000000000, R14=0x0000000800c16a18, R15=0x000000f991cff8b8
RIP=0x00007ffa6df80f7a, EFLAGS=0x0000000000010202

Top of Stack: (sp=0x000000f991cff710)
0x000000f991cff710:   000000000000002f 0000000800c16a18
0x000000f991cff720:   0000020a5451a1e0 0000000000000000
0x000000f991cff730:   ffffffffffffffff 00007ffa6dcea55c
0x000000f991cff740:   0000020a54353f22 0000020a54353ef0
0x000000f991cff750:   0000020a54530930 0000020a55724fa0
0x000000f991cff760:   0000020a54353eb0 00000000000003d8
0x000000f991cff770:   0000020a54353ec0 0000020a54354298
0x000000f991cff780:   0000000000000002 000000f991cff868
0x000000f991cff790:   0000000000000000 0000000000000000
0x000000f991cff7a0:   0000000620538530 00007ffa6dcb1975
0x000000f991cff7b0:   0000020a5451a1e0 000000f991cff8b8
0x000000f991cff7c0:   0000020a25b0edc0 000000f991cff8b8
0x000000f991cff7d0:   0000020a5451a1e0 0000000000000000
0x000000f991cff7e0:   0000020a00000000 0000000000000000
0x000000f991cff7f0:   000000000000000d 00007ffaf29a301b
0x000000f991cff800:   000000f991cff8b0 00007ffaf29b1600 

Instructions: (pc=0x00007ffa6df80f7a)
0x00007ffa6df80e7a:   48 83 c4 20 5f e9 0c 56 90 ff cc cc cc cc cc cc
0x00007ffa6df80e8a:   cc cc cc cc cc cc 48 89 5c 24 08 57 48 83 ec 20
0x00007ffa6df80e9a:   83 fa 02 8d 42 06 b9 08 00 00 00 49 8b d8 0f 4e
0x00007ffa6df80eaa:   c1 48 63 c8 48 83 c1 07 83 e1 f8 48 63 f9 49 8b
0x00007ffa6df80eba:   48 18 48 8b c7 48 f7 d0 48 3b c1 73 16 4c 8d 05
0x00007ffa6df80eca:   6a 53 17 00 48 8b d7 48 8b cb e8 17 b9 90 ff 48
0x00007ffa6df80eda:   8b 4b 18 48 8d 04 39 48 3b 43 20 76 18 45 33 c0
0x00007ffa6df80eea:   48 8b d7 48 8b cb 48 8b 5c 24 30 48 83 c4 20 5f
0x00007ffa6df80efa:   e9 71 b5 90 ff 48 89 43 18 48 8b c1 48 8b 5c 24
0x00007ffa6df80f0a:   30 48 83 c4 20 5f c3 cc cc cc cc cc cc cc cc cc
0x00007ffa6df80f1a:   cc cc cc cc cc cc 4c 8b d2 4c 8b d9 45 85 c0 7e
0x00007ffa6df80f2a:   3c 44 0f b7 49 04 41 8d 40 ff 41 3b c1 44 0f 4c
0x00007ffa6df80f3a:   c8 4d 63 c1 45 85 c9 7e 1f 48 8b c2 4c 2b da 49
0x00007ffa6df80f4a:   8b d0 0f 1f 40 00 41 0f b6 4c 03 06 88 08 48 8d
0x00007ffa6df80f5a:   40 01 48 83 ea 01 75 ee 43 c6 04 10 00 49 8b c2
0x00007ffa6df80f6a:   c3 cc cc cc cc cc 48 89 5c 24 08 57 48 83 ec 20
0x00007ffa6df80f7a:   0f b7 59 04 48 8b f9 33 d2 48 8d 4b 01 e8 b4 d8
0x00007ffa6df80f8a:   f2 ff 0f b7 57 04 4c 8b c0 3b da 0f 42 d3 44 8b
0x00007ffa6df80f9a:   ca 85 d2 74 39 48 2b f8 0f 1f 40 00 66 66 0f 1f
0x00007ffa6df80faa:   84 00 00 00 00 00 0f b6 4c 07 06 88 08 48 ff c0
0x00007ffa6df80fba:   48 8b c8 49 2b c8 49 3b c9 7c eb 42 c6 04 02 00
0x00007ffa6df80fca:   49 8b c0 48 8b 5c 24 30 48 83 c4 20 5f c3 48 8b
0x00007ffa6df80fda:   5c 24 30 c6 04 02 00 48 83 c4 20 5f c3 cc cc cc
0x00007ffa6df80fea:   cc cc cc cc cc cc 4c 8b d1 45 85 c0 7e 6c 44 0f
0x00007ffa6df80ffa:   b7 49 04 41 8d 40 ff 41 3b c1 44 0f 4c c8 4d 63
0x00007ffa6df8100a:   d9 45 85 c9 7e 22 48 8b ca 4c 2b d2 4d 8b c3 0f
0x00007ffa6df8101a:   1f 80 00 00 00 00 41 0f b6 44 0a 06 88 01 48 8d
0x00007ffa6df8102a:   49 01 49 83 e8 01 75 ee 41 c6 04 13 00 48 c7 c0
0x00007ffa6df8103a:   ff ff ff ff 66 90 48 ff c0 80 3c 02 00 75 f7 48
0x00007ffa6df8104a:   63 c8 85 c0 48 8b c2 7e 14 80 38 2f 75 03 c6 00
0x00007ffa6df8105a:   2e 48 ff c0 48 83 e9 01 75 ef 48 8b c2 c3 cc cc
0x00007ffa6df8106a:   cc cc cc cc cc cc 48 83 ec 28 e8 f7 fe ff ff 4c 


Stack slot to memory mapping:
stack at sp + 0 slots: 0x000000000000002f is an unknown value
stack at sp + 1 slots: 0x0000000800c16a18 is a pointer to class: 
name.ncg.Maths.DataStructures.HeterogeneousPair {0x0000000800c16a20}
 - instance size:     3
 - klass size:        73
 - access:            public synchronized 
 - state:             fully_initialized
 - name:              'name/ncg/Maths/DataStructures/HeterogeneousPair'
 - super:             'java/lang/Object'
 - sub:               
 - arrays:            NULL
 - methods:           Array<T>(0x0000020a54ca8c28)
 - method ordering:   Array<T>(0x0000020a54ca94a8)
 - default_methods:   Array<T>(0x0000000000000000)
 - local interfaces:  Array<T>(0x0000020a54c99fe0)
 - trans. interfaces: Array<T>(0x0000020a54c99fe0)
 - constants:         constant pool [118] {0x0000020a54ca9d80} for 'name/ncg/Maths/DataStructures/HeterogeneousPair' cache=0x0000020a54caa1a8
 - class loader data:  loader data: 0x0000020a543ed5b0 for instance a 'jdk/internal/loader/ClassLoaders$AppClassLoader'{0x0000000621063f50}
 - source file:       'HeterogeneousPair.java'
 - source debug extension:       SMAP
HeterogeneousPair.java
Java
*S jdt
*F
1 HeterogeneousPair.java
2 file:/D:/workspace_v4/name.ncg/target/classes/
*L
*E

 - class annotations:       Array<T>(0x0000000000000000)
 - class type annotations:  Array<T>(0x0000000000000000)
 - field annotations:       Array<T>(0x0000000000000000)
 - field type annotations:  Array<T>(0x0000000000000000)
 - previous version:  constant pool [106] {0x0000020a54ca7c68} for 'name/ncg/Maths/DataStructures/HeterogeneousPair' (extra) cache=0x0000020a54ca8460
 - generic signature: '
[error occurred during error reporting (inspecting top of stack), id 0xc0000005, EXCEPTION_ACCESS_VIOLATION (0xc0000005) at pc=0x00007ffa6df81b86]


---------------  P R O C E S S  ---------------

Threads class SMR info:
_java_thread_list=0x0000020a55725ea0, length=16, elements={
0x0000020a25b6afc0, 0x0000020a54330720, 0x0000020a54331a40, 0x0000020a54345e40,
0x0000020a54347710, 0x0000020a54348770, 0x0000020a5434ccd0, 0x0000020a5434f8c0,
0x0000020a54350a10, 0x0000020a543542a0, 0x0000020a54464610, 0x0000020a5451a1e0,
0x0000020a545b6b00, 0x0000020a545b6ff0, 0x0000020a54465950, 0x0000020a54465480
}

Java Threads: ( => current thread )
  0x0000020a25b6afc0 JavaThread "main" [_thread_blocked, id=21824, stack(0x000000f990b00000,0x000000f990c00000)]
  0x0000020a54330720 JavaThread "Reference Handler" daemon [_thread_blocked, id=20348, stack(0x000000f991200000,0x000000f991300000)]
  0x0000020a54331a40 JavaThread "Finalizer" daemon [_thread_blocked, id=3260, stack(0x000000f991300000,0x000000f991400000)]
  0x0000020a54345e40 JavaThread "Signal Dispatcher" daemon [_thread_blocked, id=10616, stack(0x000000f991400000,0x000000f991500000)]
  0x0000020a54347710 JavaThread "Attach Listener" daemon [_thread_blocked, id=12660, stack(0x000000f991500000,0x000000f991600000)]
  0x0000020a54348770 JavaThread "Service Thread" daemon [_thread_blocked, id=18452, stack(0x000000f991600000,0x000000f991700000)]
  0x0000020a5434ccd0 JavaThread "Monitor Deflation Thread" daemon [_thread_blocked, id=17824, stack(0x000000f991700000,0x000000f991800000)]
  0x0000020a5434f8c0 JavaThread "C2 CompilerThread0" daemon [_thread_blocked, id=13012, stack(0x000000f991800000,0x000000f991900000)]
  0x0000020a54350a10 JavaThread "C1 CompilerThread0" daemon [_thread_blocked, id=18240, stack(0x000000f991900000,0x000000f991a00000)]
  0x0000020a543542a0 JavaThread "Sweeper thread" daemon [_thread_blocked, id=18948, stack(0x000000f991a00000,0x000000f991b00000)]
  0x0000020a54464610 JavaThread "Common-Cleaner" daemon [_thread_blocked, id=5068, stack(0x000000f991b00000,0x000000f991c00000)]
=>0x0000020a5451a1e0 JavaThread "JDWP Transport Listener: dt_socket" daemon [_thread_in_vm, id=22848, stack(0x000000f991c00000,0x000000f991d00000)]
  0x0000020a545b6b00 JavaThread "JDWP Event Helper Thread" daemon [_thread_blocked, id=12292, stack(0x000000f991d00000,0x000000f991e00000)]
  0x0000020a545b6ff0 JavaThread "JDWP Command Reader" daemon [_thread_in_native, id=10088, stack(0x000000f991e00000,0x000000f991f00000)]
  0x0000020a54465950 JavaThread "Notification Thread" daemon [_thread_blocked, id=19516, stack(0x000000f992000000,0x000000f992100000)]
  0x0000020a54465480 JavaThread "ReaderThread" [_thread_in_native, id=8384, stack(0x000000f992200000,0x000000f992300000)]

Other Threads:
  0x0000020a5432c540 VMThread "VM Thread" [stack: 0x000000f991100000,0x000000f991200000] [id=24108]
  0x0000020a5567ad60 WatcherThread [stack: 0x000000f992100000,0x000000f992200000] [id=24728]
  0x0000020a25c18aa0 GCTaskThread "GC Thread#0" [stack: 0x000000f990c00000,0x000000f990d00000] [id=10356]
  0x0000020a25c2c0d0 ConcurrentGCThread "G1 Main Marker" [stack: 0x000000f990d00000,0x000000f990e00000] [id=2944]
  0x0000020a25c2c9f0 ConcurrentGCThread "G1 Conc#0" [stack: 0x000000f990e00000,0x000000f990f00000] [id=11584]
  0x0000020a53da4780 ConcurrentGCThread "G1 Refine#0" [stack: 0x000000f990f00000,0x000000f991000000] [id=19880]
  0x0000020a53da6fc0 ConcurrentGCThread "G1 Service" [stack: 0x000000f991000000,0x000000f991100000] [id=20040]

Threads with active compile tasks:

VM state: not at safepoint (normal execution)

VM Mutex/Monitor currently owned by a thread: None

Heap address: 0x0000000601400000, size: 8172 MB, Compressed Oops mode: Zero based, Oop shift amount: 3

CDS archive(s) mapped at: [0x0000000800000000-0x0000000800bc0000-0x0000000800bc0000), size 12320768, SharedBaseAddress: 0x0000000800000000, ArchiveRelocationMode: 0.
Compressed class space mapped at: 0x0000000800c00000-0x0000000840c00000, reserved size: 1073741824
Narrow klass base: 0x0000000800000000, Narrow klass shift: 0, Narrow klass range: 0x100000000

GC Precious Log:
 CPUs: 8 total, 8 available
 Memory: 32679M
 Large Page Support: Disabled
 NUMA Support: Disabled
 Compressed Oops: Enabled (Zero based)
 Heap Region Size: 4M
 Heap Min Capacity: 8M
 Heap Initial Capacity: 512M
 Heap Max Capacity: 8172M
 Pre-touch: Disabled
 Parallel Workers: 8
 Concurrent Workers: 2
 Concurrent Refinement Workers: 8
 Periodic GC: Disabled

Heap:
 garbage-first heap   total 524288K, used 12288K [0x0000000601400000, 0x0000000800000000)
  region size 4096K, 4 young (16384K), 0 survivors (0K)
 Metaspace       used 4166K, committed 4288K, reserved 1056768K
  class space    used 399K, committed 448K, reserved 1048576K

Heap Regions: E=young(eden), S=young(survivor), O=old, HS=humongous(starts), HC=humongous(continues), CS=collection set, F=free, OA=open archive, CA=closed archive, TAMS=top-at-mark-start (previous, next)
|   0|0x0000000601400000, 0x0000000601400000, 0x0000000601800000|  0%| F|  |TAMS 0x0000000601400000, 0x0000000601400000| Untracked 
|   1|0x0000000601800000, 0x0000000601800000, 0x0000000601c00000|  0%| F|  |TAMS 0x0000000601800000, 0x0000000601800000| Untracked 
|   2|0x0000000601c00000, 0x0000000601c00000, 0x0000000602000000|  0%| F|  |TAMS 0x0000000601c00000, 0x0000000601c00000| Untracked 
|   3|0x0000000602000000, 0x0000000602000000, 0x0000000602400000|  0%| F|  |TAMS 0x0000000602000000, 0x0000000602000000| Untracked 
|   4|0x0000000602400000, 0x0000000602400000, 0x0000000602800000|  0%| F|  |TAMS 0x0000000602400000, 0x0000000602400000| Untracked 
|   5|0x0000000602800000, 0x0000000602800000, 0x0000000602c00000|  0%| F|  |TAMS 0x0000000602800000, 0x0000000602800000| Untracked 
|   6|0x0000000602c00000, 0x0000000602c00000, 0x0000000603000000|  0%| F|  |TAMS 0x0000000602c00000, 0x0000000602c00000| Untracked 
|   7|0x0000000603000000, 0x0000000603000000, 0x0000000603400000|  0%| F|  |TAMS 0x0000000603000000, 0x0000000603000000| Untracked 
|   8|0x0000000603400000, 0x0000000603400000, 0x0000000603800000|  0%| F|  |TAMS 0x0000000603400000, 0x0000000603400000| Untracked 
|   9|0x0000000603800000, 0x0000000603800000, 0x0000000603c00000|  0%| F|  |TAMS 0x0000000603800000, 0x0000000603800000| Untracked 
|  10|0x0000000603c00000, 0x0000000603c00000, 0x0000000604000000|  0%| F|  |TAMS 0x0000000603c00000, 0x0000000603c00000| Untracked 
|  11|0x0000000604000000, 0x0000000604000000, 0x0000000604400000|  0%| F|  |TAMS 0x0000000604000000, 0x0000000604000000| Untracked 
|  12|0x0000000604400000, 0x0000000604400000, 0x0000000604800000|  0%| F|  |TAMS 0x0000000604400000, 0x0000000604400000| Untracked 
|  13|0x0000000604800000, 0x0000000604800000, 0x0000000604c00000|  0%| F|  |TAMS 0x0000000604800000, 0x0000000604800000| Untracked 
|  14|0x0000000604c00000, 0x0000000604c00000, 0x0000000605000000|  0%| F|  |TAMS 0x0000000604c00000, 0x0000000604c00000| Untracked 
|  15|0x0000000605000000, 0x0000000605000000, 0x0000000605400000|  0%| F|  |TAMS 0x0000000605000000, 0x0000000605000000| Untracked 
|  16|0x0000000605400000, 0x0000000605400000, 0x0000000605800000|  0%| F|  |TAMS 0x0000000605400000, 0x0000000605400000| Untracked 
|  17|0x0000000605800000, 0x0000000605800000, 0x0000000605c00000|  0%| F|  |TAMS 0x0000000605800000, 0x0000000605800000| Untracked 
|  18|0x0000000605c00000, 0x0000000605c00000, 0x0000000606000000|  0%| F|  |TAMS 0x0000000605c00000, 0x0000000605c00000| Untracked 
|  19|0x0000000606000000, 0x0000000606000000, 0x0000000606400000|  0%| F|  |TAMS 0x0000000606000000, 0x0000000606000000| Untracked 
|  20|0x0000000606400000, 0x0000000606400000, 0x0000000606800000|  0%| F|  |TAMS 0x0000000606400000, 0x0000000606400000| Untracked 
|  21|0x0000000606800000, 0x0000000606800000, 0x0000000606c00000|  0%| F|  |TAMS 0x0000000606800000, 0x0000000606800000| Untracked 
|  22|0x0000000606c00000, 0x0000000606c00000, 0x0000000607000000|  0%| F|  |TAMS 0x0000000606c00000, 0x0000000606c00000| Untracked 
|  23|0x0000000607000000, 0x0000000607000000, 0x0000000607400000|  0%| F|  |TAMS 0x0000000607000000, 0x0000000607000000| Untracked 
|  24|0x0000000607400000, 0x0000000607400000, 0x0000000607800000|  0%| F|  |TAMS 0x0000000607400000, 0x0000000607400000| Untracked 
|  25|0x0000000607800000, 0x0000000607800000, 0x0000000607c00000|  0%| F|  |TAMS 0x0000000607800000, 0x0000000607800000| Untracked 
|  26|0x0000000607c00000, 0x0000000607c00000, 0x0000000608000000|  0%| F|  |TAMS 0x0000000607c00000, 0x0000000607c00000| Untracked 
|  27|0x0000000608000000, 0x0000000608000000, 0x0000000608400000|  0%| F|  |TAMS 0x0000000608000000, 0x0000000608000000| Untracked 
|  28|0x0000000608400000, 0x0000000608400000, 0x0000000608800000|  0%| F|  |TAMS 0x0000000608400000, 0x0000000608400000| Untracked 
|  29|0x0000000608800000, 0x0000000608800000, 0x0000000608c00000|  0%| F|  |TAMS 0x0000000608800000, 0x0000000608800000| Untracked 
|  30|0x0000000608c00000, 0x0000000608c00000, 0x0000000609000000|  0%| F|  |TAMS 0x0000000608c00000, 0x0000000608c00000| Untracked 
|  31|0x0000000609000000, 0x0000000609000000, 0x0000000609400000|  0%| F|  |TAMS 0x0000000609000000, 0x0000000609000000| Untracked 
|  32|0x0000000609400000, 0x0000000609400000, 0x0000000609800000|  0%| F|  |TAMS 0x0000000609400000, 0x0000000609400000| Untracked 
|  33|0x0000000609800000, 0x0000000609800000, 0x0000000609c00000|  0%| F|  |TAMS 0x0000000609800000, 0x0000000609800000| Untracked 
|  34|0x0000000609c00000, 0x0000000609c00000, 0x000000060a000000|  0%| F|  |TAMS 0x0000000609c00000, 0x0000000609c00000| Untracked 
|  35|0x000000060a000000, 0x000000060a000000, 0x000000060a400000|  0%| F|  |TAMS 0x000000060a000000, 0x000000060a000000| Untracked 
|  36|0x000000060a400000, 0x000000060a400000, 0x000000060a800000|  0%| F|  |TAMS 0x000000060a400000, 0x000000060a400000| Untracked 
|  37|0x000000060a800000, 0x000000060a800000, 0x000000060ac00000|  0%| F|  |TAMS 0x000000060a800000, 0x000000060a800000| Untracked 
|  38|0x000000060ac00000, 0x000000060ac00000, 0x000000060b000000|  0%| F|  |TAMS 0x000000060ac00000, 0x000000060ac00000| Untracked 
|  39|0x000000060b000000, 0x000000060b000000, 0x000000060b400000|  0%| F|  |TAMS 0x000000060b000000, 0x000000060b000000| Untracked 
|  40|0x000000060b400000, 0x000000060b400000, 0x000000060b800000|  0%| F|  |TAMS 0x000000060b400000, 0x000000060b400000| Untracked 
|  41|0x000000060b800000, 0x000000060b800000, 0x000000060bc00000|  0%| F|  |TAMS 0x000000060b800000, 0x000000060b800000| Untracked 
|  42|0x000000060bc00000, 0x000000060bc00000, 0x000000060c000000|  0%| F|  |TAMS 0x000000060bc00000, 0x000000060bc00000| Untracked 
|  43|0x000000060c000000, 0x000000060c000000, 0x000000060c400000|  0%| F|  |TAMS 0x000000060c000000, 0x000000060c000000| Untracked 
|  44|0x000000060c400000, 0x000000060c400000, 0x000000060c800000|  0%| F|  |TAMS 0x000000060c400000, 0x000000060c400000| Untracked 
|  45|0x000000060c800000, 0x000000060c800000, 0x000000060cc00000|  0%| F|  |TAMS 0x000000060c800000, 0x000000060c800000| Untracked 
|  46|0x000000060cc00000, 0x000000060cc00000, 0x000000060d000000|  0%| F|  |TAMS 0x000000060cc00000, 0x000000060cc00000| Untracked 
|  47|0x000000060d000000, 0x000000060d000000, 0x000000060d400000|  0%| F|  |TAMS 0x000000060d000000, 0x000000060d000000| Untracked 
|  48|0x000000060d400000, 0x000000060d400000, 0x000000060d800000|  0%| F|  |TAMS 0x000000060d400000, 0x000000060d400000| Untracked 
|  49|0x000000060d800000, 0x000000060d800000, 0x000000060dc00000|  0%| F|  |TAMS 0x000000060d800000, 0x000000060d800000| Untracked 
|  50|0x000000060dc00000, 0x000000060dc00000, 0x000000060e000000|  0%| F|  |TAMS 0x000000060dc00000, 0x000000060dc00000| Untracked 
|  51|0x000000060e000000, 0x000000060e000000, 0x000000060e400000|  0%| F|  |TAMS 0x000000060e000000, 0x000000060e000000| Untracked 
|  52|0x000000060e400000, 0x000000060e400000, 0x000000060e800000|  0%| F|  |TAMS 0x000000060e400000, 0x000000060e400000| Untracked 
|  53|0x000000060e800000, 0x000000060e800000, 0x000000060ec00000|  0%| F|  |TAMS 0x000000060e800000, 0x000000060e800000| Untracked 
|  54|0x000000060ec00000, 0x000000060ec00000, 0x000000060f000000|  0%| F|  |TAMS 0x000000060ec00000, 0x000000060ec00000| Untracked 
|  55|0x000000060f000000, 0x000000060f000000, 0x000000060f400000|  0%| F|  |TAMS 0x000000060f000000, 0x000000060f000000| Untracked 
|  56|0x000000060f400000, 0x000000060f400000, 0x000000060f800000|  0%| F|  |TAMS 0x000000060f400000, 0x000000060f400000| Untracked 
|  57|0x000000060f800000, 0x000000060f800000, 0x000000060fc00000|  0%| F|  |TAMS 0x000000060f800000, 0x000000060f800000| Untracked 
|  58|0x000000060fc00000, 0x000000060fc00000, 0x0000000610000000|  0%| F|  |TAMS 0x000000060fc00000, 0x000000060fc00000| Untracked 
|  59|0x0000000610000000, 0x0000000610000000, 0x0000000610400000|  0%| F|  |TAMS 0x0000000610000000, 0x0000000610000000| Untracked 
|  60|0x0000000610400000, 0x0000000610400000, 0x0000000610800000|  0%| F|  |TAMS 0x0000000610400000, 0x0000000610400000| Untracked 
|  61|0x0000000610800000, 0x0000000610800000, 0x0000000610c00000|  0%| F|  |TAMS 0x0000000610800000, 0x0000000610800000| Untracked 
|  62|0x0000000610c00000, 0x0000000610c00000, 0x0000000611000000|  0%| F|  |TAMS 0x0000000610c00000, 0x0000000610c00000| Untracked 
|  63|0x0000000611000000, 0x0000000611000000, 0x0000000611400000|  0%| F|  |TAMS 0x0000000611000000, 0x0000000611000000| Untracked 
|  64|0x0000000611400000, 0x0000000611400000, 0x0000000611800000|  0%| F|  |TAMS 0x0000000611400000, 0x0000000611400000| Untracked 
|  65|0x0000000611800000, 0x0000000611800000, 0x0000000611c00000|  0%| F|  |TAMS 0x0000000611800000, 0x0000000611800000| Untracked 
|  66|0x0000000611c00000, 0x0000000611c00000, 0x0000000612000000|  0%| F|  |TAMS 0x0000000611c00000, 0x0000000611c00000| Untracked 
|  67|0x0000000612000000, 0x0000000612000000, 0x0000000612400000|  0%| F|  |TAMS 0x0000000612000000, 0x0000000612000000| Untracked 
|  68|0x0000000612400000, 0x0000000612400000, 0x0000000612800000|  0%| F|  |TAMS 0x0000000612400000, 0x0000000612400000| Untracked 
|  69|0x0000000612800000, 0x0000000612800000, 0x0000000612c00000|  0%| F|  |TAMS 0x0000000612800000, 0x0000000612800000| Untracked 
|  70|0x0000000612c00000, 0x0000000612c00000, 0x0000000613000000|  0%| F|  |TAMS 0x0000000612c00000, 0x0000000612c00000| Untracked 
|  71|0x0000000613000000, 0x0000000613000000, 0x0000000613400000|  0%| F|  |TAMS 0x0000000613000000, 0x0000000613000000| Untracked 
|  72|0x0000000613400000, 0x0000000613400000, 0x0000000613800000|  0%| F|  |TAMS 0x0000000613400000, 0x0000000613400000| Untracked 
|  73|0x0000000613800000, 0x0000000613800000, 0x0000000613c00000|  0%| F|  |TAMS 0x0000000613800000, 0x0000000613800000| Untracked 
|  74|0x0000000613c00000, 0x0000000613c00000, 0x0000000614000000|  0%| F|  |TAMS 0x0000000613c00000, 0x0000000613c00000| Untracked 
|  75|0x0000000614000000, 0x0000000614000000, 0x0000000614400000|  0%| F|  |TAMS 0x0000000614000000, 0x0000000614000000| Untracked 
|  76|0x0000000614400000, 0x0000000614400000, 0x0000000614800000|  0%| F|  |TAMS 0x0000000614400000, 0x0000000614400000| Untracked 
|  77|0x0000000614800000, 0x0000000614800000, 0x0000000614c00000|  0%| F|  |TAMS 0x0000000614800000, 0x0000000614800000| Untracked 
|  78|0x0000000614c00000, 0x0000000614c00000, 0x0000000615000000|  0%| F|  |TAMS 0x0000000614c00000, 0x0000000614c00000| Untracked 
|  79|0x0000000615000000, 0x0000000615000000, 0x0000000615400000|  0%| F|  |TAMS 0x0000000615000000, 0x0000000615000000| Untracked 
|  80|0x0000000615400000, 0x0000000615400000, 0x0000000615800000|  0%| F|  |TAMS 0x0000000615400000, 0x0000000615400000| Untracked 
|  81|0x0000000615800000, 0x0000000615800000, 0x0000000615c00000|  0%| F|  |TAMS 0x0000000615800000, 0x0000000615800000| Untracked 
|  82|0x0000000615c00000, 0x0000000615c00000, 0x0000000616000000|  0%| F|  |TAMS 0x0000000615c00000, 0x0000000615c00000| Untracked 
|  83|0x0000000616000000, 0x0000000616000000, 0x0000000616400000|  0%| F|  |TAMS 0x0000000616000000, 0x0000000616000000| Untracked 
|  84|0x0000000616400000, 0x0000000616400000, 0x0000000616800000|  0%| F|  |TAMS 0x0000000616400000, 0x0000000616400000| Untracked 
|  85|0x0000000616800000, 0x0000000616800000, 0x0000000616c00000|  0%| F|  |TAMS 0x0000000616800000, 0x0000000616800000| Untracked 
|  86|0x0000000616c00000, 0x0000000616c00000, 0x0000000617000000|  0%| F|  |TAMS 0x0000000616c00000, 0x0000000616c00000| Untracked 
|  87|0x0000000617000000, 0x0000000617000000, 0x0000000617400000|  0%| F|  |TAMS 0x0000000617000000, 0x0000000617000000| Untracked 
|  88|0x0000000617400000, 0x0000000617400000, 0x0000000617800000|  0%| F|  |TAMS 0x0000000617400000, 0x0000000617400000| Untracked 
|  89|0x0000000617800000, 0x0000000617800000, 0x0000000617c00000|  0%| F|  |TAMS 0x0000000617800000, 0x0000000617800000| Untracked 
|  90|0x0000000617c00000, 0x0000000617c00000, 0x0000000618000000|  0%| F|  |TAMS 0x0000000617c00000, 0x0000000617c00000| Untracked 
|  91|0x0000000618000000, 0x0000000618000000, 0x0000000618400000|  0%| F|  |TAMS 0x0000000618000000, 0x0000000618000000| Untracked 
|  92|0x0000000618400000, 0x0000000618400000, 0x0000000618800000|  0%| F|  |TAMS 0x0000000618400000, 0x0000000618400000| Untracked 
|  93|0x0000000618800000, 0x0000000618800000, 0x0000000618c00000|  0%| F|  |TAMS 0x0000000618800000, 0x0000000618800000| Untracked 
|  94|0x0000000618c00000, 0x0000000618c00000, 0x0000000619000000|  0%| F|  |TAMS 0x0000000618c00000, 0x0000000618c00000| Untracked 
|  95|0x0000000619000000, 0x0000000619000000, 0x0000000619400000|  0%| F|  |TAMS 0x0000000619000000, 0x0000000619000000| Untracked 
|  96|0x0000000619400000, 0x0000000619400000, 0x0000000619800000|  0%| F|  |TAMS 0x0000000619400000, 0x0000000619400000| Untracked 
|  97|0x0000000619800000, 0x0000000619800000, 0x0000000619c00000|  0%| F|  |TAMS 0x0000000619800000, 0x0000000619800000| Untracked 
|  98|0x0000000619c00000, 0x0000000619c00000, 0x000000061a000000|  0%| F|  |TAMS 0x0000000619c00000, 0x0000000619c00000| Untracked 
|  99|0x000000061a000000, 0x000000061a000000, 0x000000061a400000|  0%| F|  |TAMS 0x000000061a000000, 0x000000061a000000| Untracked 
| 100|0x000000061a400000, 0x000000061a400000, 0x000000061a800000|  0%| F|  |TAMS 0x000000061a400000, 0x000000061a400000| Untracked 
| 101|0x000000061a800000, 0x000000061a800000, 0x000000061ac00000|  0%| F|  |TAMS 0x000000061a800000, 0x000000061a800000| Untracked 
| 102|0x000000061ac00000, 0x000000061ac00000, 0x000000061b000000|  0%| F|  |TAMS 0x000000061ac00000, 0x000000061ac00000| Untracked 
| 103|0x000000061b000000, 0x000000061b000000, 0x000000061b400000|  0%| F|  |TAMS 0x000000061b000000, 0x000000061b000000| Untracked 
| 104|0x000000061b400000, 0x000000061b400000, 0x000000061b800000|  0%| F|  |TAMS 0x000000061b400000, 0x000000061b400000| Untracked 
| 105|0x000000061b800000, 0x000000061b800000, 0x000000061bc00000|  0%| F|  |TAMS 0x000000061b800000, 0x000000061b800000| Untracked 
| 106|0x000000061bc00000, 0x000000061bc00000, 0x000000061c000000|  0%| F|  |TAMS 0x000000061bc00000, 0x000000061bc00000| Untracked 
| 107|0x000000061c000000, 0x000000061c000000, 0x000000061c400000|  0%| F|  |TAMS 0x000000061c000000, 0x000000061c000000| Untracked 
| 108|0x000000061c400000, 0x000000061c400000, 0x000000061c800000|  0%| F|  |TAMS 0x000000061c400000, 0x000000061c400000| Untracked 
| 109|0x000000061c800000, 0x000000061c800000, 0x000000061cc00000|  0%| F|  |TAMS 0x000000061c800000, 0x000000061c800000| Untracked 
| 110|0x000000061cc00000, 0x000000061cc00000, 0x000000061d000000|  0%| F|  |TAMS 0x000000061cc00000, 0x000000061cc00000| Untracked 
| 111|0x000000061d000000, 0x000000061d000000, 0x000000061d400000|  0%| F|  |TAMS 0x000000061d000000, 0x000000061d000000| Untracked 
| 112|0x000000061d400000, 0x000000061d400000, 0x000000061d800000|  0%| F|  |TAMS 0x000000061d400000, 0x000000061d400000| Untracked 
| 113|0x000000061d800000, 0x000000061d800000, 0x000000061dc00000|  0%| F|  |TAMS 0x000000061d800000, 0x000000061d800000| Untracked 
| 114|0x000000061dc00000, 0x000000061dc00000, 0x000000061e000000|  0%| F|  |TAMS 0x000000061dc00000, 0x000000061dc00000| Untracked 
| 115|0x000000061e000000, 0x000000061e000000, 0x000000061e400000|  0%| F|  |TAMS 0x000000061e000000, 0x000000061e000000| Untracked 
| 116|0x000000061e400000, 0x000000061e400000, 0x000000061e800000|  0%| F|  |TAMS 0x000000061e400000, 0x000000061e400000| Untracked 
| 117|0x000000061e800000, 0x000000061e800000, 0x000000061ec00000|  0%| F|  |TAMS 0x000000061e800000, 0x000000061e800000| Untracked 
| 118|0x000000061ec00000, 0x000000061ec00000, 0x000000061f000000|  0%| F|  |TAMS 0x000000061ec00000, 0x000000061ec00000| Untracked 
| 119|0x000000061f000000, 0x000000061f000000, 0x000000061f400000|  0%| F|  |TAMS 0x000000061f000000, 0x000000061f000000| Untracked 
| 120|0x000000061f400000, 0x000000061f400000, 0x000000061f800000|  0%| F|  |TAMS 0x000000061f400000, 0x000000061f400000| Untracked 
| 121|0x000000061f800000, 0x000000061f800000, 0x000000061fc00000|  0%| F|  |TAMS 0x000000061f800000, 0x000000061f800000| Untracked 
| 122|0x000000061fc00000, 0x000000061fc00000, 0x0000000620000000|  0%| F|  |TAMS 0x000000061fc00000, 0x000000061fc00000| Untracked 
| 123|0x0000000620000000, 0x0000000620000000, 0x0000000620400000|  0%| F|  |TAMS 0x0000000620000000, 0x0000000620000000| Untracked 
| 124|0x0000000620400000, 0x00000006205812a8, 0x0000000620800000| 37%| E|  |TAMS 0x0000000620400000, 0x0000000620400000| Complete 
| 125|0x0000000620800000, 0x0000000620c00000, 0x0000000620c00000|100%| E|CS|TAMS 0x0000000620800000, 0x0000000620800000| Complete 
| 126|0x0000000620c00000, 0x0000000621000000, 0x0000000621000000|100%| E|CS|TAMS 0x0000000620c00000, 0x0000000620c00000| Complete 
| 127|0x0000000621000000, 0x0000000621400000, 0x0000000621400000|100%| E|CS|TAMS 0x0000000621000000, 0x0000000621000000| Complete 

Card table byte_map: [0x0000020a3f8b0000,0x0000020a408b0000] _byte_map_base: 0x0000020a3c8a6000

Marking Bits (Prev, Next): (CMBitMap*) 0x0000020a25c1afe0, (CMBitMap*) 0x0000020a25c1b020
 Prev Bits: [0x0000020a418b0000, 0x0000020a49860000)
 Next Bits: [0x0000020a49860000, 0x0000020a51810000)

Polling page: 0x0000020a25c40000

Metaspace:

Usage:
  Non-class:      3.68 MB used.
      Class:    399.90 KB used.
       Both:      4.07 MB used.

Virtual space:
  Non-class space:        8.00 MB reserved,       3.75 MB ( 47%) committed,  1 nodes.
      Class space:        1.00 GB reserved,     448.00 KB ( <1%) committed,  1 nodes.
             Both:        1.01 GB reserved,       4.19 MB ( <1%) committed. 

Chunk freelists:
   Non-Class:  3.33 MB
       Class:  3.54 MB
        Both:  6.87 MB

MaxMetaspaceSize: unlimited
CompressedClassSpaceSize: 1.00 GB
Initial GC threshold: 21.00 MB
Current GC threshold: 21.00 MB
CDS: on
MetaspaceReclaimPolicy: balanced
 - commit_granule_bytes: 65536.
 - commit_granule_words: 8192.
 - virtual_space_node_default_size: 1048576.
 - enlarge_chunks_in_place: 1.
 - new_chunks_are_fully_committed: 0.
 - uncommit_free_chunks: 1.
 - use_allocation_guard: 0.
 - handle_deallocations: 1.


Internal statistics:

num_allocs_failed_limit: 0.
num_arena_births: 16.
num_arena_deaths: 0.
num_vsnodes_births: 2.
num_vsnodes_deaths: 0.
num_space_committed: 67.
num_space_uncommitted: 0.
num_chunks_returned_to_freelist: 0.
num_chunks_taken_from_freelist: 66.
num_chunk_merges: 0.
num_chunk_splits: 36.
num_chunks_enlarged: 23.
num_purges: 0.
num_inconsistent_stats: 0.

CodeHeap 'non-profiled nmethods': size=120000Kb used=263Kb max_used=263Kb free=119737Kb
 bounds [0x0000020a36900000, 0x0000020a36b70000, 0x0000020a3de30000]
CodeHeap 'profiled nmethods': size=120000Kb used=1200Kb max_used=1200Kb free=118799Kb
 bounds [0x0000020a2f3d0000, 0x0000020a2f640000, 0x0000020a36900000]
CodeHeap 'non-nmethods': size=5760Kb used=1206Kb max_used=1230Kb free=4553Kb
 bounds [0x0000020a2ee30000, 0x0000020a2f0a0000, 0x0000020a2f3d0000]
 total_blobs=1120 nmethods=695 adapters=338
 compilation: enabled
              stopped_count=0, restarted_count=0
 full_count=0

Compilation events (20 events):
Event: 0.484 Thread 0x0000020a54350a10  685       3       java.nio.Buffer::scope (17 bytes)
Event: 0.484 Thread 0x0000020a54350a10 nmethod 685 0x0000020a2f4f6b90 code [0x0000020a2f4f6d40, 0x0000020a2f4f6ee8]
Event: 0.484 Thread 0x0000020a54350a10  686       3       java.net.URL::toExternalForm (9 bytes)
Event: 0.485 Thread 0x0000020a54350a10 nmethod 686 0x0000020a2f4f6f90 code [0x0000020a2f4f7140, 0x0000020a2f4f7328]
Event: 0.485 Thread 0x0000020a54350a10  687       3       java.net.URLStreamHandler::toExternalForm (156 bytes)
Event: 0.486 Thread 0x0000020a54350a10 nmethod 687 0x0000020a2f4f7410 code [0x0000020a2f4f7820, 0x0000020a2f4f9038]
Event: 0.486 Thread 0x0000020a54350a10  688       3       jdk.internal.loader.URLClassPath::getResource (74 bytes)
Event: 0.486 Thread 0x0000020a54350a10 nmethod 688 0x0000020a2f4f9810 code [0x0000020a2f4f99e0, 0x0000020a2f4f9d58]
Event: 0.486 Thread 0x0000020a54350a10  689   !   3       java.util.zip.InflaterInputStream::read (138 bytes)
Event: 0.486 Thread 0x0000020a54350a10 nmethod 689 0x0000020a2f4f9e90 code [0x0000020a2f4fa160, 0x0000020a2f4faed8]
Event: 0.486 Thread 0x0000020a54350a10  690       3       java.util.zip.InflaterInputStream::ensureOpen (18 bytes)
Event: 0.487 Thread 0x0000020a54350a10 nmethod 690 0x0000020a2f4fb510 code [0x0000020a2f4fb6c0, 0x0000020a2f4fb8e8]
Event: 0.488 Thread 0x0000020a54350a10  692  s    3       java.io.ByteArrayOutputStream::write (43 bytes)
Event: 0.488 Thread 0x0000020a5434f8c0  693 %     4       java.lang.StringCoding::hasNegatives @ 2 (25 bytes)
Event: 0.488 Thread 0x0000020a54350a10 nmethod 692 0x0000020a2f4fba10 code [0x0000020a2f4fbc00, 0x0000020a2f4fc0a8]
Event: 0.489 Thread 0x0000020a54586480  694       4       java.lang.AbstractStringBuilder::append (45 bytes)
Event: 0.491 Thread 0x0000020a5434f8c0 nmethod 693% 0x0000020a3693ff90 code [0x0000020a36940120, 0x0000020a369402f8]
Event: 0.491 Thread 0x0000020a5434f8c0  695       4       org.eclipse.jdt.launching.internal.org.objectweb.asm.SymbolTable::addConstantUtf8 (20 bytes)
Event: 0.494 Thread 0x0000020a54586480 nmethod 694 0x0000020a36940410 code [0x0000020a369405c0, 0x0000020a36940c88]
Event: 0.500 Thread 0x0000020a5434f8c0 nmethod 695 0x0000020a36941110 code [0x0000020a369412a0, 0x0000020a36941898]

GC Heap History (0 events):
No events

Deoptimization events (20 events):
Event: 0.365 Thread 0x0000020a25b6afc0 DEOPT PACKING pc=0x0000020a2f4471d4 sp=0x000000f990bfbe40
Event: 0.365 Thread 0x0000020a25b6afc0 DEOPT UNPACKING pc=0x0000020a2ee82b43 sp=0x000000f990bfb2a8 mode 0
Event: 0.368 Thread 0x0000020a25b6afc0 DEOPT PACKING pc=0x0000020a2f4470fc sp=0x000000f990bfbd70
Event: 0.368 Thread 0x0000020a25b6afc0 DEOPT UNPACKING pc=0x0000020a2ee82b43 sp=0x000000f990bfb1d8 mode 0
Event: 0.370 Thread 0x0000020a25b6afc0 DEOPT PACKING pc=0x0000020a2f4470fc sp=0x000000f990bfbe40
Event: 0.370 Thread 0x0000020a25b6afc0 DEOPT UNPACKING pc=0x0000020a2ee82b43 sp=0x000000f990bfb2a8 mode 0
Event: 0.371 Thread 0x0000020a25b6afc0 DEOPT PACKING pc=0x0000020a2f4470fc sp=0x000000f990bfbcf0
Event: 0.371 Thread 0x0000020a25b6afc0 DEOPT UNPACKING pc=0x0000020a2ee82b43 sp=0x000000f990bfb158 mode 0
Event: 0.375 Thread 0x0000020a25b6afc0 DEOPT PACKING pc=0x0000020a2f4471d4 sp=0x000000f990bf7fe0
Event: 0.375 Thread 0x0000020a25b6afc0 DEOPT UNPACKING pc=0x0000020a2ee82b43 sp=0x000000f990bf7448 mode 0
Event: 0.375 Thread 0x0000020a25b6afc0 DEOPT PACKING pc=0x0000020a2f4471d4 sp=0x000000f990bf7fe0
Event: 0.375 Thread 0x0000020a25b6afc0 DEOPT UNPACKING pc=0x0000020a2ee82b43 sp=0x000000f990bf7448 mode 0
Event: 0.375 Thread 0x0000020a25b6afc0 DEOPT PACKING pc=0x0000020a2f4471d4 sp=0x000000f990bf7fe0
Event: 0.375 Thread 0x0000020a25b6afc0 DEOPT UNPACKING pc=0x0000020a2ee82b43 sp=0x000000f990bf7448 mode 0
Event: 0.375 Thread 0x0000020a25b6afc0 DEOPT PACKING pc=0x0000020a2f4471d4 sp=0x000000f990bf7fe0
Event: 0.375 Thread 0x0000020a25b6afc0 DEOPT UNPACKING pc=0x0000020a2ee82b43 sp=0x000000f990bf7448 mode 0
Event: 0.380 Thread 0x0000020a25b6afc0 DEOPT PACKING pc=0x0000020a2f44b4f9 sp=0x000000f990bfad90
Event: 0.380 Thread 0x0000020a25b6afc0 DEOPT UNPACKING pc=0x0000020a2ee82b43 sp=0x000000f990bfa218 mode 0
Event: 0.385 Thread 0x0000020a25b6afc0 DEOPT PACKING pc=0x0000020a2f44b4f9 sp=0x000000f990bfc800
Event: 0.385 Thread 0x0000020a25b6afc0 DEOPT UNPACKING pc=0x0000020a2ee82b43 sp=0x000000f990bfbc60 mode 0

Classes unloaded (0 events):
No events

Classes redefined (1 events):
Event: 690.382 Thread 0x0000020a5432c540 redefined class name=name.ncg.Maths.DataStructures.HeterogeneousPair, count=1

Internal exceptions (4 events):
Event: 0.398 Thread 0x0000020a25b6afc0 Exception <a 'java/lang/NoSuchMethodError'{0x00000006208282f8}: 'java.lang.Object java.lang.invoke.DirectMethodHandle$Holder.invokeStaticInit(java.lang.Object)'> (0x00000006208282f8) 
thrown [s\src\hotspot\share\interpreter\linkResolver.cpp, line 759]
Event: 0.404 Thread 0x0000020a25b6afc0 Exception <a 'java/lang/NoSuchMethodError'{0x000000062084f718}: 'void java.lang.invoke.DirectMethodHandle$Holder.invokeStatic(java.lang.Object, java.lang.Object)'> (0x000000062084f718) 
thrown [s\src\hotspot\share\interpreter\linkResolver.cpp, line 759]
Event: 0.460 Thread 0x0000020a25b6afc0 Exception <a 'java/lang/NoSuchMethodError'{0x0000000620b76668}: 'java.lang.Object java.lang.invoke.DirectMethodHandle$Holder.invokeInterface(java.lang.Object, java.lang.Object)'> (0x0000000620b76668) 
thrown [s\src\hotspot\share\interpreter\linkResolver.cpp, line 759]
Event: 0.460 Thread 0x0000020a25b6afc0 Exception <a 'java/lang/IncompatibleClassChangeError'{0x0000000620b79e60}: Found class java.lang.Object, but interface was expected> (0x0000000620b79e60) 
thrown [s\src\hotspot\share\interpreter\linkResolver.cpp, line 826]

VM Operations (20 events):
Event: 0.808 Executing VM operation: get/set locals
Event: 0.808 Executing VM operation: get/set locals done
Event: 0.809 Executing VM operation: get/set locals
Event: 0.809 Executing VM operation: get/set locals done
Event: 0.810 Executing VM operation: get/set locals
Event: 0.810 Executing VM operation: get/set locals done
Event: 0.811 Executing VM operation: get/set locals
Event: 0.811 Executing VM operation: get/set locals done
Event: 0.812 Executing VM operation: get/set locals
Event: 0.812 Executing VM operation: get/set locals done
Event: 0.813 Executing VM operation: get/set locals
Event: 0.813 Executing VM operation: get/set locals done
Event: 0.814 Executing VM operation: get/set locals
Event: 0.814 Executing VM operation: get/set locals done
Event: 690.345 Executing VM operation: ChangeBreakpoints
Event: 690.345 Executing VM operation: ChangeBreakpoints done
Event: 690.345 Executing VM operation: ChangeBreakpoints
Event: 690.345 Executing VM operation: ChangeBreakpoints done
Event: 690.381 Executing VM operation: RedefineClasses
Event: 690.385 Executing VM operation: RedefineClasses done

Events (20 events):
Event: 0.479 loading class java/io/ObjectInput
Event: 0.479 loading class java/io/ObjectInput done
Event: 0.479 loading class java/io/ObjectInputStream done
Event: 0.479 loading class java/lang/CloneNotSupportedException
Event: 0.479 loading class java/lang/CloneNotSupportedException done
Event: 0.479 loading class java/io/ClassCache$CacheRef
Event: 0.479 loading class java/io/ClassCache$CacheRef done
Event: 0.479 loading class java/io/ObjectStreamClass$FieldReflectorKey
Event: 0.479 loading class java/io/ObjectStreamClass$FieldReflectorKey done
Event: 0.479 loading class java/io/ObjectStreamClass$FieldReflector
Event: 0.479 loading class java/io/ObjectStreamClass$FieldReflector done
Event: 0.481 loading class java/lang/reflect/UndeclaredThrowableException
Event: 0.481 loading class java/lang/reflect/UndeclaredThrowableException done
Event: 0.483 loading class java/util/Vector$Itr
Event: 0.483 loading class java/util/Vector$Itr done
Event: 0.484 loading class sun/nio/ch/IOStatus
Event: 0.484 loading class sun/nio/ch/IOStatus done
Event: 0.488 loading class java/io/FileReader
Event: 0.488 loading class java/io/FileReader done
Event: 5.494 Thread 0x0000020a54586480 Thread exited: 0x0000020a54586480


Dynamic libraries:
0x00007ff78c7d0000 - 0x00007ff78c7de000 	C:\Program Files\Microsoft\jdk-17.0.4.101-hotspot\bin\javaw.exe
0x00007ffafc5f0000 - 0x00007ffafc7e8000 	C:\WINDOWS\SYSTEM32\ntdll.dll
0x00007ffad9790000 - 0x00007ffad97a7000 	C:\Program Files\Avast Software\Avast\aswhook.dll
0x00007ffafa6b0000 - 0x00007ffafa76d000 	C:\WINDOWS\System32\KERNEL32.DLL
0x00007ffaf9ef0000 - 0x00007ffafa1be000 	C:\WINDOWS\System32\KERNELBASE.dll
0x00007ffaf9df0000 - 0x00007ffaf9ef0000 	C:\WINDOWS\System32\ucrtbase.dll
0x00007ffaf4990000 - 0x00007ffaf49ab000 	C:\Program Files\Microsoft\jdk-17.0.4.101-hotspot\bin\VCRUNTIME140.dll
0x00007ffaf5a10000 - 0x00007ffaf5a28000 	C:\Program Files\Microsoft\jdk-17.0.4.101-hotspot\bin\jli.dll
0x00007ffafc340000 - 0x00007ffafc4e0000 	C:\WINDOWS\System32\USER32.dll
0x00007ffafa320000 - 0x00007ffafa342000 	C:\WINDOWS\System32\win32u.dll
0x00007ffaea610000 - 0x00007ffaea8aa000 	C:\WINDOWS\WinSxS\amd64_microsoft.windows.common-controls_6595b64144ccf1df_6.0.19041.1110_none_60b5254171f9507e\COMCTL32.dll
0x00007ffafc260000 - 0x00007ffafc28a000 	C:\WINDOWS\System32\GDI32.dll
0x00007ffafb420000 - 0x00007ffafb4be000 	C:\WINDOWS\System32\msvcrt.dll
0x00007ffafa350000 - 0x00007ffafa45b000 	C:\WINDOWS\System32\gdi32full.dll
0x00007ffafa210000 - 0x00007ffafa2ad000 	C:\WINDOWS\System32\msvcp_win.dll
0x00007ffafbcf0000 - 0x00007ffafbd20000 	C:\WINDOWS\System32\IMM32.DLL
0x00007ffaf2b60000 - 0x00007ffaf2b6c000 	C:\Program Files\Microsoft\jdk-17.0.4.101-hotspot\bin\vcruntime140_1.dll
0x00007ffaf2890000 - 0x00007ffaf291d000 	C:\Program Files\Microsoft\jdk-17.0.4.101-hotspot\bin\msvcp140.dll
0x00007ffa6d7e0000 - 0x00007ffa6e43c000 	C:\Program Files\Microsoft\jdk-17.0.4.101-hotspot\bin\server\jvm.dll
0x00007ffafbc40000 - 0x00007ffafbcee000 	C:\WINDOWS\System32\ADVAPI32.dll
0x00007ffafc160000 - 0x00007ffafc1fc000 	C:\WINDOWS\System32\sechost.dll
0x00007ffafb1d0000 - 0x00007ffafb2f5000 	C:\WINDOWS\System32\RPCRT4.dll
0x00007ffafc150000 - 0x00007ffafc158000 	C:\WINDOWS\System32\PSAPI.DLL
0x00007ffae9420000 - 0x00007ffae9429000 	C:\WINDOWS\SYSTEM32\WSOCK32.dll
0x00007ffaefb20000 - 0x00007ffaefb47000 	C:\WINDOWS\SYSTEM32\WINMM.dll
0x00007ffaefbe0000 - 0x00007ffaefbea000 	C:\WINDOWS\SYSTEM32\VERSION.dll
0x00007ffafb160000 - 0x00007ffafb1cb000 	C:\WINDOWS\System32\WS2_32.dll
0x00007ffaf7c20000 - 0x00007ffaf7c32000 	C:\WINDOWS\SYSTEM32\kernel.appcore.dll
0x00007ffaf2b50000 - 0x00007ffaf2b5a000 	C:\Program Files\Microsoft\jdk-17.0.4.101-hotspot\bin\jimage.dll
0x00007ffaf12a0000 - 0x00007ffaf1484000 	C:\WINDOWS\SYSTEM32\DBGHELP.DLL
0x00007ffaeb7d0000 - 0x00007ffaeb7fc000 	C:\WINDOWS\SYSTEM32\dbgcore.DLL
0x00007ffafa460000 - 0x00007ffafa4e2000 	C:\WINDOWS\System32\bcryptPrimitives.dll
0x00007ffaf2980000 - 0x00007ffaf29bb000 	C:\Program Files\Microsoft\jdk-17.0.4.101-hotspot\bin\jdwp.dll
0x00007ffaf2b40000 - 0x00007ffaf2b4e000 	C:\Program Files\Microsoft\jdk-17.0.4.101-hotspot\bin\instrument.dll
0x00007ffaf2950000 - 0x00007ffaf2975000 	C:\Program Files\Microsoft\jdk-17.0.4.101-hotspot\bin\java.dll
0x00007ffad8b10000 - 0x00007ffad8be7000 	C:\Program Files\Microsoft\jdk-17.0.4.101-hotspot\bin\jsvml.dll
0x00007ffafa770000 - 0x00007ffafaeb3000 	C:\WINDOWS\System32\SHELL32.dll
0x00007ffaf7e20000 - 0x00007ffaf85b5000 	C:\WINDOWS\SYSTEM32\windows.storage.dll
0x00007ffafbd20000 - 0x00007ffafc074000 	C:\WINDOWS\System32\combase.dll
0x00007ffaf9770000 - 0x00007ffaf97a0000 	C:\WINDOWS\SYSTEM32\Wldp.dll
0x00007ffafb0b0000 - 0x00007ffafb15d000 	C:\WINDOWS\System32\SHCORE.dll
0x00007ffafc0f0000 - 0x00007ffafc145000 	C:\WINDOWS\System32\shlwapi.dll
0x00007ffaf9c50000 - 0x00007ffaf9c6f000 	C:\WINDOWS\SYSTEM32\profapi.dll
0x00007ffaf2b30000 - 0x00007ffaf2b3c000 	C:\Program Files\Microsoft\jdk-17.0.4.101-hotspot\bin\dt_socket.dll
0x00007ffaf9170000 - 0x00007ffaf91ab000 	C:\WINDOWS\SYSTEM32\IPHLPAPI.DLL
0x00007ffaf94d0000 - 0x00007ffaf953a000 	C:\WINDOWS\system32\mswsock.dll
0x00007ffaf91c0000 - 0x00007ffaf928a000 	C:\WINDOWS\SYSTEM32\DNSAPI.dll
0x00007ffafc080000 - 0x00007ffafc088000 	C:\WINDOWS\System32\NSI.dll
0x00007ffaefb50000 - 0x00007ffaefb5a000 	C:\Windows\System32\rasadhlp.dll
0x00007ffaef910000 - 0x00007ffaef990000 	C:\WINDOWS\System32\fwpuclnt.dll
0x00007ffaf9dc0000 - 0x00007ffaf9de7000 	C:\WINDOWS\System32\bcrypt.dll
0x00007ffaf2870000 - 0x00007ffaf2888000 	C:\Program Files\Microsoft\jdk-17.0.4.101-hotspot\bin\zip.dll
0x00007ffaf2850000 - 0x00007ffaf2869000 	C:\Program Files\Microsoft\jdk-17.0.4.101-hotspot\bin\net.dll
0x00007ffaefe70000 - 0x00007ffaeff7a000 	C:\WINDOWS\SYSTEM32\WINHTTP.dll
0x00007ffaf2830000 - 0x00007ffaf2846000 	C:\Program Files\Microsoft\jdk-17.0.4.101-hotspot\bin\nio.dll
0x00007ffaf2aa0000 - 0x00007ffaf2ab0000 	C:\Program Files\Microsoft\jdk-17.0.4.101-hotspot\bin\verify.dll
0x00007ffaf2ed0000 - 0x00007ffaf2ee7000 	C:\WINDOWS\SYSTEM32\dhcpcsvc6.DLL
0x00007ffaf2eb0000 - 0x00007ffaf2ecd000 	C:\WINDOWS\SYSTEM32\dhcpcsvc.DLL

dbghelp: loaded successfully - version: 4.0.5 - missing functions: none
symbol engine: initialized successfully - sym options: 0x614 - pdb path: .;C:\Program Files\Microsoft\jdk-17.0.4.101-hotspot\bin;C:\WINDOWS\SYSTEM32;C:\Program Files\Avast Software\Avast;C:\WINDOWS\WinSxS\amd64_microsoft.windows.common-controls_6595b64144ccf1df_6.0.19041.1110_none_60b5254171f9507e;C:\Program Files\Microsoft\jdk-17.0.4.101-hotspot\bin\server

VM Arguments:
jvm_args: -XX:+ShowCodeDetailsInExceptionMessages -agentlib:jdwp=transport=dt_socket,suspend=y,address=localhost:59893 -ea -javaagent:D:\eclipse\java-2022-06\eclipse\configuration\org.eclipse.osgi\215\0\.cp\lib\javaagent-shaded.jar -Dfile.encoding=UTF-8 
java_command: org.eclipse.jdt.internal.junit.runner.RemoteTestRunner -version 3 -port 59892 -testLoaderClass org.eclipse.jdt.internal.junit4.runner.JUnit4TestLoader -loaderpluginname org.eclipse.jdt.junit4.runtime -test name.ncg.Maths.DataStructures.FiniteBinaryRelationTests:testCompose
java_class_path (initial): D:\workspace_v4\name.ncg\target\test-classes;D:\workspace_v4\name.ncg\target\classes;C:\Users\greni\.m2\repository\org\apache\lucene\lucene-core\5.3.1\lucene-core-5.3.1.jar;C:\Users\greni\.m2\repository\org\apache\lucene\lucene-analyzers-common\5.3.1\lucene-analyzers-common-5.3.1.jar;C:\Users\greni\.m2\repository\com\googlecode\aima-java\aima-core\3.0.0\aima-core-3.0.0.jar;C:\Users\greni\.m2\repository\junit\junit\4.13.2\junit-4.13.2.jar;C:\Users\greni\.m2\repository\org\hamcrest\hamcrest-core\1.3\hamcrest-core-1.3.jar;C:\Users\greni\.m2\repository\org\apache\commons\commons-math3\3.6.1\commons-math3-3.6.1.jar;C:\Users\greni\.m2\repository\net\sf\jung\jung-graph-impl\2.1.1\jung-graph-impl-2.1.1.jar;C:\Users\greni\.m2\repository\net\sf\jung\jung-api\2.1.1\jung-api-2.1.1.jar;C:\Users\greni\.m2\repository\com\google\guava\guava\19.0\guava-19.0.jar;C:\Users\greni\.m2\repository\net\sf\jung\jung-io\2.1.1\jung-io-2.1.1.jar;C:\Users\greni\.m2\repository\net\sf\jung\jung-algorithms\2.1.1\jung-algorithms-2.1.1.jar;C:\Users\greni\.m2\repository\org\apache\commons\commons-collections4\4.1\commons-collections4-4.1.jar;C:\Users\greni\.m2\repository\com\fasterxml\jackson\core\jackson-core\2.13.4\jackson-core-2.13.4.jar;C:\Users\greni\.m2\repository\com\fasterxml\jackson\core\jackson-annotations\2.13.4\jackson-annotations-2.13.4.jar;C:\Users\greni\.m2\repository\com\fasterxml\jackson\core\jackson-databind\2.13.4\jackson-databind-2.13.4.jar;C:\Users\greni\.m2\repository\com\vividsolutions\jts\1.13\jts-1.13.jar;C:\Users\greni\.m2\repository\ca\umontreal\iro\simul\ssj\3.3.1\ssj-3.3.1.jar;C:\Users\greni\.m2\repository\jfree\jfreechart\1.0.12\jfreechart-1.0.12.jar;C:\Users\greni\.m2\repository\jfree\jcommon\1.0.15\jcommon-1.0.15.jar;C:\Users\greni\.m2\repository\colt\colt\1.2.0\colt-1.2.0.jar;C:\Users\greni\.m2\repository\concurrent\concurrent\1.3.4\concurrent-1.3.4.jar;C:\Users\greni\.m2\repository\com\github\rwl\optimization\1.3\optimization-1.3.jar;C:\Us
Launcher Type: SUN_STANDARD

[Global flags]
     intx CICompilerCount                          = 4                                         {product} {ergonomic}
     uint ConcGCThreads                            = 2                                         {product} {ergonomic}
     uint G1ConcRefinementThreads                  = 8                                         {product} {ergonomic}
   size_t G1HeapRegionSize                         = 4194304                                   {product} {ergonomic}
    uintx GCDrainStackTargetSize                   = 64                                        {product} {ergonomic}
   size_t InitialHeapSize                          = 536870912                                 {product} {ergonomic}
   size_t MarkStackSize                            = 4194304                                   {product} {ergonomic}
   size_t MaxHeapSize                              = 8568963072                                {product} {ergonomic}
   size_t MaxNewSize                               = 5138022400                                {product} {ergonomic}
   size_t MinHeapDeltaBytes                        = 4194304                                   {product} {ergonomic}
   size_t MinHeapSize                              = 8388608                                   {product} {ergonomic}
    uintx NonNMethodCodeHeapSize                   = 5839372                                {pd product} {ergonomic}
    uintx NonProfiledCodeHeapSize                  = 122909434                              {pd product} {ergonomic}
    uintx ProfiledCodeHeapSize                     = 122909434                              {pd product} {ergonomic}
    uintx ReservedCodeCacheSize                    = 251658240                              {pd product} {ergonomic}
     bool SegmentedCodeCache                       = true                                      {product} {ergonomic}
     bool ShowCodeDetailsInExceptionMessages       = true                                   {manageable} {command line}
   size_t SoftMaxHeapSize                          = 8568963072                             {manageable} {ergonomic}
     bool UseCompressedClassPointers               = true                           {product lp64_product} {ergonomic}
     bool UseCompressedOops                        = true                           {product lp64_product} {ergonomic}
     bool UseG1GC                                  = true                                      {product} {ergonomic}
     bool UseLargePagesIndividualAllocation        = false                                  {pd product} {ergonomic}

Logging:
Log output configuration:
 #0: stdout all=warning uptime,level,tags
 #1: stderr all=off uptime,level,tags

Environment Variables:
JAVA_HOME=C:\Program Files\Microsoft\jdk-17.0.4.101-hotspot\
CLASSPATH=.;C:\Program Files (x86)\QuickTime\QTSystem\QTJava.zip;D:\Music making\Musical tools\name.ncg.jar;
PATH=D:/eclipse/java-2022-06/eclipse//plugins/org.eclipse.justj.openjdk.hotspot.jre.full.win32.x86_64_17.0.3.v20220515-1416/jre/bin/server;D:/eclipse/java-2022-06/eclipse//plugins/org.eclipse.justj.openjdk.hotspot.jre.full.win32.x86_64_17.0.3.v20220515-1416/jre/bin;C:\Program Files\Microsoft\jdk-17.0.4.101-hotspot\bin;C:\Perl64\site\bin;C:\Perl64\bin;C:\WINDOWS\system32;C:\WINDOWS;C:\WINDOWS\System32\Wbem;C:\WINDOWS\System32\WindowsPowerShell\v1.0\;C:\Program Files (x86)\ATI Technologies\ATI.ACE\Core-Static;C:\Program Files\Csound6_x64\bin;C:\WINDOWS\System32\OpenSSH\;C:\Program Files\Microsoft VS Code\bin;C:\Program Files (x86)\QuickTime\QTSystem\;C:\Program Files\Microsoft SQL Server\130\Tools\Binn\;C:\Program Files\Cabbage;C:\Program Files\TortoiseSVN\bin;C:\Program Files\Git\cmd;C:\Program Files\eSpeak NG\;C:\Program Files\Microsoft SQL Server\150\Tools\Binn\;C:\Program Files\Microsoft SQL Server\Client SDK\ODBC\170\Tools\Binn\;C:\Program Files\TortoiseGit\bin;C:\Program Files\dotnet\;C:\Users\greni\AppData\Local\Microsoft\WindowsApps;D:\Utils\ffmpeg-4.3-win64-static\bin;C:\Users\greni\AppData\Local\GitHubDesktop\bin;C:\Program Files (x86)\sox-14-4-2;C:\Users\greni\.dotnet\tools;C:\Users\greni\AppData\Local\Microsoft\WindowsApps;D:\Scripts;C:\Python27;;D:\eclipse\java-2022-06\eclipse;
USERNAME=greni
OS=Windows_NT
PROCESSOR_IDENTIFIER=Intel64 Family 6 Model 60 Stepping 3, GenuineIntel
TMP=C:\Users\greni\AppData\Local\Temp
TEMP=C:\Users\greni\AppData\Local\Temp



---------------  S Y S T E M  ---------------

OS:
 Windows 10 , 64 bit Build 19041 (10.0.19041.1889)
OS uptime: 3 days 23:04 hours

CPU: total 8 (initial active 8) (4 cores per cpu, 2 threads per core) family 6 model 60 stepping 3 microcode 0x27, cx8, cmov, fxsr, ht, mmx, sse, sse2, sse3, ssse3, sse4.1, sse4.2, popcnt, lzcnt, tsc, tscinvbit, avx, avx2, aes, erms, clmul, bmi1, bmi2, fma, vzeroupper, clflush

Memory: 4k page, system-wide physical 32679M (23748M free)
TotalPageFile size 37543M (AvailPageFile size 25596M)
current process WorkingSet (physical memory assigned to process): 55M, peak: 59M
current process commit charge ("private bytes"): 618M, peak: 621M

vm_info: OpenJDK 64-Bit Server VM (17.0.4.1+1-LTS) for windows-amd64 JRE (17.0.4.1+1-LTS), built on Aug 16 2022 23:12:43 by "" with MS VC++ 16.10 / 16.11 (VS2019)

END.
